2014/11/05 22:23:36 INFO  - jmeter.util.JMeterUtils: Setting Locale to en_US 
2014/11/05 22:23:36 INFO  - jmeter.JMeter: Copyright (c) 1998-2014 The Apache Software Foundation 
2014/11/05 22:23:36 INFO  - jmeter.JMeter: Version 2.11 r1554548 
2014/11/05 22:23:36 INFO  - jmeter.JMeter: java.version=1.7.0_65 
2014/11/05 22:23:36 INFO  - jmeter.JMeter: java.vm.name=OpenJDK 64-Bit Server VM 
2014/11/05 22:23:36 INFO  - jmeter.JMeter: os.name=Linux 
2014/11/05 22:23:36 INFO  - jmeter.JMeter: os.arch=amd64 
2014/11/05 22:23:36 INFO  - jmeter.JMeter: os.version=3.13.0-39-generic 
2014/11/05 22:23:36 INFO  - jmeter.JMeter: file.encoding=UTF-8 
2014/11/05 22:23:36 INFO  - jmeter.JMeter: Default Locale=English (United States) 
2014/11/05 22:23:36 INFO  - jmeter.JMeter: JMeter  Locale=English (United States) 
2014/11/05 22:23:36 INFO  - jmeter.JMeter: JMeterHome=/home/rpochet/apache-jmeter-2.11 
2014/11/05 22:23:36 INFO  - jmeter.JMeter: user.dir  =/home/rpochet/workspace/namedentity/jmeter 
2014/11/05 22:23:36 INFO  - jmeter.JMeter: PWD       =/home/rpochet/workspace/namedentity/jmeter 
2014/11/05 22:23:36 INFO  - jmeter.JMeter: IP: 127.0.1.1 Name: rpochet FullName: rpochet 
2014/11/05 22:23:36 INFO  - jmeter.services.FileServer: Default base='/home/rpochet/workspace/namedentity/jmeter' 
2014/11/05 22:23:36 INFO  - jmeter.services.FileServer: Set new base='/home/rpochet/workspace/namedentity/jmeter' 
2014/11/05 22:23:36 INFO  - jmeter.JMeter: Loading file: Test Elasticsearch.jmx 
2014/11/05 22:23:36 INFO  - jmeter.save.SaveService: Testplan (JMX) version: 2.2. Testlog (JTL) version: 2.2 
2014/11/05 22:23:36 INFO  - jmeter.save.SaveService: Using SaveService properties file encoding UTF-8 
2014/11/05 22:23:36 INFO  - jmeter.save.SaveService: Using SaveService properties version 2.6 
2014/11/05 22:23:36 INFO  - jmeter.save.SaveService: Using SaveService properties file version 1554411 
2014/11/05 22:23:36 INFO  - jmeter.save.SaveService: All converter versions present and correct 
2014/11/05 22:23:36 INFO  - jmeter.protocol.http.sampler.HTTPSamplerBase: No response parsers defined: text/html only will be scanned for embedded resources 
2014/11/05 22:23:36 INFO  - jmeter.JMeter: Creating summariser <summary> 
2014/11/05 22:23:36 INFO  - jmeter.engine.StandardJMeterEngine: Listeners will be started after enabling running version 
2014/11/05 22:23:36 INFO  - jmeter.engine.StandardJMeterEngine: To revert to the earlier behaviour, define jmeterengine.startlistenerslater=false 
2014/11/05 22:23:36 INFO  - jmeter.engine.StandardJMeterEngine: Running the test! 
2014/11/05 22:23:36 INFO  - jmeter.samplers.SampleEvent: List of sample_variables: [] 
2014/11/05 22:23:36 INFO  - jmeter.samplers.SampleEvent: List of sample_variables: [] 
2014/11/05 22:23:37 INFO  - jmeter.JMeter: Running test (1415222617293) 
2014/11/05 22:23:37 INFO  - jmeter.engine.StandardJMeterEngine: Starting ThreadGroup: 1 : Test Elasticsearch 
2014/11/05 22:23:37 INFO  - jmeter.engine.StandardJMeterEngine: Starting 200 threads for group Test Elasticsearch. 
2014/11/05 22:23:37 INFO  - jmeter.engine.StandardJMeterEngine: Thread will continue on error 
2014/11/05 22:23:37 INFO  - jmeter.threads.ThreadGroup: Starting thread group number 1 threads 200 ramp-up 10 perThread 50.0 delayedStart=false 
2014/11/05 22:23:37 INFO  - jmeter.threads.JMeterThread: jmeterthread.startearlier=true (see jmeter.properties) 
2014/11/05 22:23:37 INFO  - jmeter.threads.JMeterThread: Running PostProcessors in forward order 
2014/11/05 22:23:37 INFO  - jmeter.threads.JMeterThread: Thread started: Test Elasticsearch 1-1 
2014/11/05 22:23:37 INFO  - jmeter.services.FileServer: Stored: /home/rpochet/workspace/namedentity/jmeter/keywords.csv 
2014/11/05 22:23:37 INFO  - jmeter.protocol.http.sampler.HTTPHCAbstractImpl: Local host = rpochet 
2014/11/05 22:23:37 INFO  - jmeter.protocol.http.sampler.HTTPHC4Impl: HTTP request retry count = 0 
2014/11/05 22:23:37 INFO  - jmeter.protocol.http.sampler.HTTPHC4Impl: Setting up HTTPS TrustAll scheme 
2014/11/05 22:23:37 INFO  - jmeter.util.JsseSSLManager: Using default SSL protocol: TLS 
2014/11/05 22:23:37 INFO  - jmeter.util.JsseSSLManager: SSL session context: per-thread 
2014/11/05 22:23:37 INFO  - jmeter.threads.JMeterThread: Thread started: Test Elasticsearch 1-2 
2014/11/05 22:23:37 INFO  - jmeter.threads.JMeterThread: Thread started: Test Elasticsearch 1-3 
2014/11/05 22:23:37 INFO  - jmeter.threads.JMeterThread: Thread started: Test Elasticsearch 1-4 
2014/11/05 22:23:37 INFO  - jmeter.threads.JMeterThread: Thread started: Test Elasticsearch 1-5 
2014/11/05 22:23:37 INFO  - jmeter.threads.ThreadGroup: Started thread group number 1 
2014/11/05 22:23:37 INFO  - jmeter.engine.StandardJMeterEngine: All thread groups have been started 
2014/11/05 22:23:37 INFO  - jmeter.samplers.SampleResult: Note: Sample TimeStamps are END times 
2014/11/05 22:23:37 INFO  - jmeter.samplers.SampleResult: sampleresult.default.encoding is set to ISO-8859-1 
2014/11/05 22:23:37 INFO  - jmeter.samplers.SampleResult: sampleresult.useNanoTime=true 
2014/11/05 22:23:37 INFO  - jmeter.samplers.SampleResult: sampleresult.nanoThreadSleep=5000 
2014/11/05 22:23:37 INFO  - jmeter.threads.JMeterThread: Thread started: Test Elasticsearch 1-6 
2014/11/05 22:23:37 INFO  - jmeter.threads.JMeterThread: Thread started: Test Elasticsearch 1-7 
2014/11/05 22:23:37 INFO  - jmeter.threads.JMeterThread: Thread started: Test Elasticsearch 1-8 
2014/11/05 22:23:37 INFO  - jmeter.threads.JMeterThread: Thread started: Test Elasticsearch 1-9 
2014/11/05 22:23:37 INFO  - jmeter.threads.JMeterThread: Thread started: Test Elasticsearch 1-10 
2014/11/05 22:23:37 INFO  - jmeter.threads.JMeterThread: Thread started: Test Elasticsearch 1-11 
2014/11/05 22:23:37 INFO  - jmeter.threads.JMeterThread: Thread started: Test Elasticsearch 1-12 
2014/11/05 22:23:38 INFO  - jmeter.threads.JMeterThread: Thread started: Test Elasticsearch 1-13 
2014/11/05 22:23:38 INFO  - jmeter.threads.JMeterThread: Thread started: Test Elasticsearch 1-14 
2014/11/05 22:23:38 INFO  - jmeter.threads.JMeterThread: Thread started: Test Elasticsearch 1-15 
2014/11/05 22:23:38 INFO  - jmeter.threads.JMeterThread: Thread started: Test Elasticsearch 1-16 
2014/11/05 22:23:38 INFO  - jmeter.threads.JMeterThread: Thread started: Test Elasticsearch 1-17 
2014/11/05 22:23:38 INFO  - jmeter.threads.JMeterThread: Thread started: Test Elasticsearch 1-18 
2014/11/05 22:23:38 INFO  - jmeter.threads.JMeterThread: Thread started: Test Elasticsearch 1-19 
2014/11/05 22:23:38 INFO  - jmeter.threads.JMeterThread: Thread started: Test Elasticsearch 1-20 
2014/11/05 22:23:38 INFO  - jmeter.threads.JMeterThread: Thread started: Test Elasticsearch 1-21 
2014/11/05 22:23:38 INFO  - jmeter.threads.JMeterThread: Thread started: Test Elasticsearch 1-22 
2014/11/05 22:23:38 INFO  - jmeter.threads.JMeterThread: Thread started: Test Elasticsearch 1-23 
2014/11/05 22:23:38 INFO  - jmeter.threads.JMeterThread: Thread started: Test Elasticsearch 1-24 
2014/11/05 22:23:38 INFO  - jmeter.threads.JMeterThread: Thread started: Test Elasticsearch 1-25 
2014/11/05 22:23:38 INFO  - jmeter.threads.JMeterThread: Thread started: Test Elasticsearch 1-26 
2014/11/05 22:23:38 INFO  - jmeter.threads.JMeterThread: Thread started: Test Elasticsearch 1-27 
2014/11/05 22:23:38 INFO  - jmeter.threads.JMeterThread: Thread started: Test Elasticsearch 1-28 
2014/11/05 22:23:38 INFO  - jmeter.threads.JMeterThread: Thread started: Test Elasticsearch 1-29 
2014/11/05 22:23:38 INFO  - jmeter.threads.JMeterThread: Thread started: Test Elasticsearch 1-30 
2014/11/05 22:23:38 INFO  - jmeter.threads.JMeterThread: Thread started: Test Elasticsearch 1-31 
2014/11/05 22:23:39 INFO  - jmeter.threads.JMeterThread: Thread started: Test Elasticsearch 1-32 
2014/11/05 22:23:39 INFO  - jmeter.threads.JMeterThread: Thread started: Test Elasticsearch 1-33 
2014/11/05 22:23:39 INFO  - jmeter.threads.JMeterThread: Thread started: Test Elasticsearch 1-34 
2014/11/05 22:23:39 INFO  - jmeter.threads.JMeterThread: Thread started: Test Elasticsearch 1-35 
2014/11/05 22:23:39 INFO  - jmeter.threads.JMeterThread: Thread started: Test Elasticsearch 1-36 
2014/11/05 22:23:39 INFO  - jmeter.threads.JMeterThread: Thread started: Test Elasticsearch 1-37 
2014/11/05 22:23:39 INFO  - jmeter.threads.JMeterThread: Thread started: Test Elasticsearch 1-38 
2014/11/05 22:23:39 INFO  - jmeter.threads.JMeterThread: Thread started: Test Elasticsearch 1-39 
2014/11/05 22:23:39 INFO  - jmeter.threads.JMeterThread: Thread started: Test Elasticsearch 1-40 
2014/11/05 22:23:39 INFO  - jmeter.threads.JMeterThread: Thread started: Test Elasticsearch 1-41 
2014/11/05 22:23:39 INFO  - jmeter.threads.JMeterThread: Thread started: Test Elasticsearch 1-42 
2014/11/05 22:23:39 INFO  - jmeter.threads.JMeterThread: Thread started: Test Elasticsearch 1-43 
2014/11/05 22:23:39 INFO  - jmeter.threads.JMeterThread: Thread started: Test Elasticsearch 1-44 
2014/11/05 22:23:39 INFO  - jmeter.threads.JMeterThread: Thread started: Test Elasticsearch 1-45 
2014/11/05 22:23:39 INFO  - jmeter.threads.JMeterThread: Thread started: Test Elasticsearch 1-46 
2014/11/05 22:23:39 INFO  - jmeter.threads.JMeterThread: Thread started: Test Elasticsearch 1-47 
2014/11/05 22:23:39 INFO  - jmeter.threads.JMeterThread: Thread started: Test Elasticsearch 1-48 
2014/11/05 22:23:39 INFO  - jmeter.threads.JMeterThread: Thread started: Test Elasticsearch 1-49 
2014/11/05 22:23:39 INFO  - jmeter.threads.JMeterThread: Thread started: Test Elasticsearch 1-50 
2014/11/05 22:23:39 INFO  - jmeter.threads.JMeterThread: Thread started: Test Elasticsearch 1-51 
2014/11/05 22:23:40 INFO  - jmeter.threads.JMeterThread: Thread started: Test Elasticsearch 1-52 
2014/11/05 22:23:40 INFO  - jmeter.threads.JMeterThread: Thread started: Test Elasticsearch 1-53 
2014/11/05 22:23:40 INFO  - jmeter.threads.JMeterThread: Thread started: Test Elasticsearch 1-54 
2014/11/05 22:23:40 INFO  - jmeter.threads.JMeterThread: Thread started: Test Elasticsearch 1-55 
2014/11/05 22:23:40 INFO  - jmeter.threads.JMeterThread: Thread started: Test Elasticsearch 1-56 
2014/11/05 22:23:40 INFO  - jmeter.threads.JMeterThread: Thread started: Test Elasticsearch 1-57 
2014/11/05 22:23:40 INFO  - jmeter.threads.JMeterThread: Thread started: Test Elasticsearch 1-58 
2014/11/05 22:23:40 INFO  - jmeter.threads.JMeterThread: Thread started: Test Elasticsearch 1-59 
2014/11/05 22:23:40 INFO  - jmeter.threads.JMeterThread: Thread started: Test Elasticsearch 1-60 
2014/11/05 22:23:40 INFO  - jmeter.threads.JMeterThread: Thread started: Test Elasticsearch 1-61 
2014/11/05 22:23:40 INFO  - jmeter.threads.JMeterThread: Thread started: Test Elasticsearch 1-62 
2014/11/05 22:23:40 INFO  - jmeter.threads.JMeterThread: Thread started: Test Elasticsearch 1-63 
2014/11/05 22:23:40 INFO  - jmeter.threads.JMeterThread: Thread started: Test Elasticsearch 1-64 
2014/11/05 22:23:40 INFO  - jmeter.threads.JMeterThread: Thread started: Test Elasticsearch 1-65 
2014/11/05 22:23:40 INFO  - jmeter.threads.JMeterThread: Thread started: Test Elasticsearch 1-66 
2014/11/05 22:23:40 INFO  - jmeter.threads.JMeterThread: Thread started: Test Elasticsearch 1-67 
2014/11/05 22:23:40 INFO  - jmeter.threads.JMeterThread: Thread started: Test Elasticsearch 1-68 
2014/11/05 22:23:40 INFO  - jmeter.threads.JMeterThread: Thread started: Test Elasticsearch 1-69 
2014/11/05 22:23:40 INFO  - jmeter.threads.JMeterThread: Thread started: Test Elasticsearch 1-70 
2014/11/05 22:23:41 INFO  - jmeter.threads.JMeterThread: Thread started: Test Elasticsearch 1-71 
2014/11/05 22:23:41 INFO  - jmeter.threads.JMeterThread: Thread started: Test Elasticsearch 1-72 
2014/11/05 22:23:41 INFO  - jmeter.threads.JMeterThread: Thread started: Test Elasticsearch 1-73 
2014/11/05 22:23:41 INFO  - jmeter.threads.JMeterThread: Thread started: Test Elasticsearch 1-74 
2014/11/05 22:23:41 INFO  - jmeter.threads.JMeterThread: Thread started: Test Elasticsearch 1-75 
2014/11/05 22:23:41 INFO  - jmeter.threads.JMeterThread: Thread started: Test Elasticsearch 1-76 
2014/11/05 22:23:41 INFO  - jmeter.threads.JMeterThread: Thread started: Test Elasticsearch 1-77 
2014/11/05 22:23:41 INFO  - jmeter.threads.JMeterThread: Thread started: Test Elasticsearch 1-78 
2014/11/05 22:23:41 INFO  - jmeter.threads.JMeterThread: Thread started: Test Elasticsearch 1-79 
2014/11/05 22:23:41 INFO  - jmeter.threads.JMeterThread: Thread started: Test Elasticsearch 1-80 
2014/11/05 22:23:41 INFO  - jmeter.threads.JMeterThread: Thread started: Test Elasticsearch 1-81 
2014/11/05 22:23:41 INFO  - jmeter.threads.JMeterThread: Thread started: Test Elasticsearch 1-82 
2014/11/05 22:23:41 INFO  - jmeter.threads.JMeterThread: Thread started: Test Elasticsearch 1-83 
2014/11/05 22:23:41 INFO  - jmeter.threads.JMeterThread: Thread started: Test Elasticsearch 1-84 
2014/11/05 22:23:41 INFO  - jmeter.threads.JMeterThread: Thread started: Test Elasticsearch 1-85 
2014/11/05 22:23:41 INFO  - jmeter.threads.JMeterThread: Thread started: Test Elasticsearch 1-86 
2014/11/05 22:23:41 INFO  - jmeter.threads.JMeterThread: Thread started: Test Elasticsearch 1-87 
2014/11/05 22:23:41 INFO  - jmeter.threads.JMeterThread: Thread started: Test Elasticsearch 1-88 
2014/11/05 22:23:41 INFO  - jmeter.threads.JMeterThread: Thread started: Test Elasticsearch 1-89 
2014/11/05 22:23:41 INFO  - jmeter.threads.JMeterThread: Thread started: Test Elasticsearch 1-90 
2014/11/05 22:23:42 INFO  - jmeter.threads.JMeterThread: Thread started: Test Elasticsearch 1-91 
2014/11/05 22:23:42 INFO  - jmeter.threads.JMeterThread: Thread started: Test Elasticsearch 1-92 
2014/11/05 22:23:42 INFO  - jmeter.threads.JMeterThread: Thread started: Test Elasticsearch 1-93 
2014/11/05 22:23:42 INFO  - jmeter.threads.JMeterThread: Thread started: Test Elasticsearch 1-94 
2014/11/05 22:23:42 INFO  - jmeter.threads.JMeterThread: Thread started: Test Elasticsearch 1-95 
2014/11/05 22:23:42 INFO  - jmeter.threads.JMeterThread: Thread started: Test Elasticsearch 1-96 
2014/11/05 22:23:42 INFO  - jmeter.threads.JMeterThread: Thread started: Test Elasticsearch 1-97 
2014/11/05 22:23:42 INFO  - jmeter.threads.JMeterThread: Thread started: Test Elasticsearch 1-98 
2014/11/05 22:23:42 INFO  - jmeter.threads.JMeterThread: Thread started: Test Elasticsearch 1-99 
2014/11/05 22:23:42 INFO  - jmeter.threads.JMeterThread: Thread started: Test Elasticsearch 1-100 
2014/11/05 22:23:42 INFO  - jmeter.threads.JMeterThread: Thread started: Test Elasticsearch 1-101 
2014/11/05 22:23:42 INFO  - jmeter.threads.JMeterThread: Thread started: Test Elasticsearch 1-102 
2014/11/05 22:23:42 INFO  - jmeter.threads.JMeterThread: Thread started: Test Elasticsearch 1-103 
2014/11/05 22:23:42 INFO  - jmeter.threads.JMeterThread: Thread started: Test Elasticsearch 1-104 
2014/11/05 22:23:42 INFO  - jmeter.threads.JMeterThread: Thread started: Test Elasticsearch 1-105 
2014/11/05 22:23:42 INFO  - jmeter.threads.JMeterThread: Thread started: Test Elasticsearch 1-106 
2014/11/05 22:23:42 INFO  - jmeter.threads.JMeterThread: Thread started: Test Elasticsearch 1-107 
2014/11/05 22:23:42 INFO  - jmeter.threads.JMeterThread: Thread started: Test Elasticsearch 1-108 
2014/11/05 22:23:42 INFO  - jmeter.threads.JMeterThread: Thread started: Test Elasticsearch 1-109 
2014/11/05 22:23:42 INFO  - jmeter.threads.JMeterThread: Thread started: Test Elasticsearch 1-110 
2014/11/05 22:23:43 INFO  - jmeter.threads.JMeterThread: Thread started: Test Elasticsearch 1-111 
2014/11/05 22:23:43 INFO  - jmeter.threads.JMeterThread: Thread started: Test Elasticsearch 1-112 
2014/11/05 22:23:43 INFO  - jmeter.threads.JMeterThread: Thread started: Test Elasticsearch 1-113 
2014/11/05 22:23:43 INFO  - jmeter.threads.JMeterThread: Thread started: Test Elasticsearch 1-114 
2014/11/05 22:23:43 INFO  - jmeter.threads.JMeterThread: Thread started: Test Elasticsearch 1-115 
2014/11/05 22:23:43 INFO  - jmeter.threads.JMeterThread: Thread started: Test Elasticsearch 1-116 
2014/11/05 22:23:43 INFO  - jmeter.threads.JMeterThread: Thread started: Test Elasticsearch 1-117 
2014/11/05 22:23:43 INFO  - jmeter.threads.JMeterThread: Thread started: Test Elasticsearch 1-118 
2014/11/05 22:23:43 INFO  - jmeter.threads.JMeterThread: Thread started: Test Elasticsearch 1-119 
2014/11/05 22:23:43 INFO  - jmeter.threads.JMeterThread: Thread started: Test Elasticsearch 1-120 
2014/11/05 22:23:43 INFO  - jmeter.threads.JMeterThread: Thread started: Test Elasticsearch 1-121 
2014/11/05 22:23:43 INFO  - jmeter.threads.JMeterThread: Thread started: Test Elasticsearch 1-122 
2014/11/05 22:23:43 INFO  - jmeter.threads.JMeterThread: Thread started: Test Elasticsearch 1-123 
2014/11/05 22:23:43 INFO  - jmeter.threads.JMeterThread: Thread started: Test Elasticsearch 1-124 
2014/11/05 22:23:43 INFO  - jmeter.threads.JMeterThread: Thread started: Test Elasticsearch 1-125 
2014/11/05 22:23:43 INFO  - jmeter.threads.JMeterThread: Thread started: Test Elasticsearch 1-126 
2014/11/05 22:23:43 INFO  - jmeter.threads.JMeterThread: Thread started: Test Elasticsearch 1-127 
2014/11/05 22:23:43 INFO  - jmeter.threads.JMeterThread: Thread started: Test Elasticsearch 1-128 
2014/11/05 22:23:43 INFO  - jmeter.threads.JMeterThread: Thread started: Test Elasticsearch 1-129 
2014/11/05 22:23:44 INFO  - jmeter.threads.JMeterThread: Thread started: Test Elasticsearch 1-130 
2014/11/05 22:23:44 INFO  - jmeter.threads.JMeterThread: Thread started: Test Elasticsearch 1-131 
2014/11/05 22:23:44 INFO  - jmeter.threads.JMeterThread: Thread started: Test Elasticsearch 1-132 
2014/11/05 22:23:44 INFO  - jmeter.threads.JMeterThread: Thread started: Test Elasticsearch 1-133 
2014/11/05 22:23:44 INFO  - jmeter.threads.JMeterThread: Thread started: Test Elasticsearch 1-134 
2014/11/05 22:23:44 INFO  - jmeter.threads.JMeterThread: Thread started: Test Elasticsearch 1-135 
2014/11/05 22:23:44 INFO  - jmeter.threads.JMeterThread: Thread started: Test Elasticsearch 1-136 
2014/11/05 22:23:44 INFO  - jmeter.threads.JMeterThread: Thread started: Test Elasticsearch 1-137 
2014/11/05 22:23:44 INFO  - jmeter.threads.JMeterThread: Thread started: Test Elasticsearch 1-138 
2014/11/05 22:23:44 INFO  - jmeter.threads.JMeterThread: Thread started: Test Elasticsearch 1-139 
2014/11/05 22:23:44 INFO  - jmeter.threads.JMeterThread: Thread started: Test Elasticsearch 1-140 
2014/11/05 22:23:44 INFO  - jmeter.threads.JMeterThread: Thread started: Test Elasticsearch 1-141 
2014/11/05 22:23:44 INFO  - jmeter.threads.JMeterThread: Thread started: Test Elasticsearch 1-142 
2014/11/05 22:23:44 INFO  - jmeter.threads.JMeterThread: Thread started: Test Elasticsearch 1-143 
2014/11/05 22:23:44 INFO  - jmeter.threads.JMeterThread: Thread started: Test Elasticsearch 1-144 
2014/11/05 22:23:44 INFO  - jmeter.threads.JMeterThread: Thread started: Test Elasticsearch 1-145 
2014/11/05 22:23:44 INFO  - jmeter.threads.JMeterThread: Thread started: Test Elasticsearch 1-146 
2014/11/05 22:23:44 INFO  - jmeter.threads.JMeterThread: Thread started: Test Elasticsearch 1-147 
2014/11/05 22:23:44 INFO  - jmeter.threads.JMeterThread: Thread started: Test Elasticsearch 1-148 
2014/11/05 22:23:44 INFO  - jmeter.threads.JMeterThread: Thread started: Test Elasticsearch 1-149 
2014/11/05 22:23:45 INFO  - jmeter.threads.JMeterThread: Thread started: Test Elasticsearch 1-150 
2014/11/05 22:23:45 INFO  - jmeter.threads.JMeterThread: Thread started: Test Elasticsearch 1-151 
2014/11/05 22:23:45 INFO  - jmeter.threads.JMeterThread: Thread started: Test Elasticsearch 1-152 
2014/11/05 22:23:45 INFO  - jmeter.threads.JMeterThread: Thread started: Test Elasticsearch 1-153 
2014/11/05 22:23:45 INFO  - jmeter.threads.JMeterThread: Thread started: Test Elasticsearch 1-154 
2014/11/05 22:23:45 INFO  - jmeter.threads.JMeterThread: Thread started: Test Elasticsearch 1-155 
2014/11/05 22:23:45 INFO  - jmeter.threads.JMeterThread: Thread started: Test Elasticsearch 1-156 
2014/11/05 22:23:45 INFO  - jmeter.threads.JMeterThread: Thread started: Test Elasticsearch 1-157 
2014/11/05 22:23:45 INFO  - jmeter.threads.JMeterThread: Thread started: Test Elasticsearch 1-158 
2014/11/05 22:23:45 INFO  - jmeter.threads.JMeterThread: Thread started: Test Elasticsearch 1-160 
2014/11/05 22:23:45 INFO  - jmeter.threads.JMeterThread: Thread started: Test Elasticsearch 1-159 
2014/11/05 22:23:45 INFO  - jmeter.threads.JMeterThread: Thread started: Test Elasticsearch 1-161 
2014/11/05 22:23:45 INFO  - jmeter.threads.JMeterThread: Thread started: Test Elasticsearch 1-162 
2014/11/05 22:23:45 INFO  - jmeter.threads.JMeterThread: Thread started: Test Elasticsearch 1-163 
2014/11/05 22:23:45 INFO  - jmeter.threads.JMeterThread: Thread started: Test Elasticsearch 1-164 
2014/11/05 22:23:45 INFO  - jmeter.threads.JMeterThread: Thread started: Test Elasticsearch 1-165 
2014/11/05 22:23:45 INFO  - jmeter.threads.JMeterThread: Thread started: Test Elasticsearch 1-166 
2014/11/05 22:23:45 INFO  - jmeter.threads.JMeterThread: Thread started: Test Elasticsearch 1-167 
2014/11/05 22:23:45 INFO  - jmeter.threads.JMeterThread: Thread started: Test Elasticsearch 1-168 
2014/11/05 22:23:46 INFO  - jmeter.threads.JMeterThread: Thread started: Test Elasticsearch 1-169 
2014/11/05 22:23:46 INFO  - jmeter.threads.JMeterThread: Thread started: Test Elasticsearch 1-170 
2014/11/05 22:23:46 INFO  - jmeter.threads.JMeterThread: Thread started: Test Elasticsearch 1-171 
2014/11/05 22:23:46 INFO  - jmeter.threads.JMeterThread: Thread started: Test Elasticsearch 1-172 
2014/11/05 22:23:46 INFO  - jmeter.threads.JMeterThread: Thread started: Test Elasticsearch 1-173 
2014/11/05 22:23:46 INFO  - jmeter.threads.JMeterThread: Thread started: Test Elasticsearch 1-174 
2014/11/05 22:23:46 INFO  - jmeter.threads.JMeterThread: Thread started: Test Elasticsearch 1-175 
2014/11/05 22:23:46 INFO  - jmeter.threads.JMeterThread: Thread started: Test Elasticsearch 1-176 
2014/11/05 22:23:46 INFO  - jmeter.threads.JMeterThread: Thread started: Test Elasticsearch 1-177 
2014/11/05 22:23:46 INFO  - jmeter.threads.JMeterThread: Thread started: Test Elasticsearch 1-178 
2014/11/05 22:23:46 INFO  - jmeter.threads.JMeterThread: Thread started: Test Elasticsearch 1-179 
2014/11/05 22:23:46 INFO  - jmeter.threads.JMeterThread: Thread started: Test Elasticsearch 1-180 
2014/11/05 22:23:46 INFO  - jmeter.threads.JMeterThread: Thread started: Test Elasticsearch 1-181 
2014/11/05 22:23:46 INFO  - jmeter.threads.JMeterThread: Thread started: Test Elasticsearch 1-182 
2014/11/05 22:23:46 INFO  - jmeter.threads.JMeterThread: Thread started: Test Elasticsearch 1-183 
2014/11/05 22:23:46 INFO  - jmeter.threads.JMeterThread: Thread started: Test Elasticsearch 1-184 
2014/11/05 22:23:46 INFO  - jmeter.threads.JMeterThread: Thread started: Test Elasticsearch 1-185 
2014/11/05 22:23:46 INFO  - jmeter.threads.JMeterThread: Thread started: Test Elasticsearch 1-186 
2014/11/05 22:23:46 INFO  - jmeter.threads.JMeterThread: Thread started: Test Elasticsearch 1-187 
2014/11/05 22:23:46 INFO  - jmeter.threads.JMeterThread: Thread started: Test Elasticsearch 1-188 
2014/11/05 22:23:47 INFO  - jmeter.threads.JMeterThread: Thread started: Test Elasticsearch 1-189 
2014/11/05 22:23:47 INFO  - jmeter.threads.JMeterThread: Thread started: Test Elasticsearch 1-190 
2014/11/05 22:23:47 INFO  - jmeter.threads.JMeterThread: Thread started: Test Elasticsearch 1-191 
2014/11/05 22:23:47 INFO  - jmeter.threads.JMeterThread: Thread started: Test Elasticsearch 1-192 
2014/11/05 22:23:47 INFO  - jmeter.threads.JMeterThread: Thread started: Test Elasticsearch 1-193 
2014/11/05 22:23:47 INFO  - jmeter.threads.JMeterThread: Thread started: Test Elasticsearch 1-194 
2014/11/05 22:23:47 INFO  - jmeter.threads.JMeterThread: Thread started: Test Elasticsearch 1-195 
2014/11/05 22:23:47 INFO  - jmeter.threads.JMeterThread: Thread started: Test Elasticsearch 1-196 
2014/11/05 22:23:47 INFO  - jmeter.threads.JMeterThread: Thread started: Test Elasticsearch 1-197 
2014/11/05 22:23:47 INFO  - jmeter.threads.JMeterThread: Thread started: Test Elasticsearch 1-198 
2014/11/05 22:23:47 INFO  - jmeter.threads.JMeterThread: Thread started: Test Elasticsearch 1-199 
2014/11/05 22:23:47 INFO  - jmeter.threads.JMeterThread: Thread started: Test Elasticsearch 1-200 
2014/11/05 22:24:00 INFO  - jmeter.reporters.Summariser: summary +    635 in    23s =   27.8/s Avg:  3005 Min:     1 Max: 17981 Err:   101 (15.91%) Active: 200 Started: 200 Finished: 0 
2014/11/05 22:24:30 INFO  - jmeter.reporters.Summariser: summary +    497 in  52.2s =    9.5/s Avg: 13569 Min:  2488 Max: 35465 Err:    33 (6.64%) Active: 200 Started: 200 Finished: 0 
2014/11/05 22:24:30 INFO  - jmeter.reporters.Summariser: summary =   1132 in  52.3s =   21.6/s Avg:  7643 Min:     1 Max: 35465 Err:   134 (11.84%) 
2014/11/05 22:25:00 INFO  - jmeter.reporters.Summariser: summary +    654 in  58.1s =   11.3/s Avg:  8100 Min:   867 Max: 38513 Err:    76 (11.62%) Active: 200 Started: 200 Finished: 0 
2014/11/05 22:25:00 INFO  - jmeter.reporters.Summariser: summary =   1786 in  82.4s =   21.7/s Avg:  7810 Min:     1 Max: 38513 Err:   210 (11.76%) 
2014/11/05 22:25:30 INFO  - jmeter.reporters.Summariser: summary +    712 in    61s =   11.7/s Avg:  9112 Min:  1928 Max: 36783 Err:    66 (9.27%) Active: 200 Started: 200 Finished: 0 
2014/11/05 22:25:30 INFO  - jmeter.reporters.Summariser: summary =   2498 in   112s =   22.2/s Avg:  8182 Min:     1 Max: 38513 Err:   276 (11.05%) 
2014/11/05 22:26:00 INFO  - jmeter.reporters.Summariser: summary +    559 in  64.3s =    8.7/s Avg: 10828 Min:  2525 Max: 35151 Err:    49 (8.77%) Active: 200 Started: 200 Finished: 0 
2014/11/05 22:26:00 INFO  - jmeter.reporters.Summariser: summary =   3057 in   142s =   21.5/s Avg:  8666 Min:     1 Max: 38513 Err:   325 (10.63%) 
2014/11/05 22:26:30 INFO  - jmeter.reporters.Summariser: summary +    624 in    56s =   11.1/s Avg:  8888 Min:  1683 Max: 32867 Err:    64 (10.26%) Active: 200 Started: 200 Finished: 0 
2014/11/05 22:26:30 INFO  - jmeter.reporters.Summariser: summary =   3681 in   172s =   21.4/s Avg:  8703 Min:     1 Max: 38513 Err:   389 (10.57%) 
2014/11/05 22:27:00 INFO  - jmeter.reporters.Summariser: summary +    682 in    59s =   11.6/s Avg:  9342 Min:  2502 Max: 33726 Err:    65 (9.53%) Active: 200 Started: 200 Finished: 0 
2014/11/05 22:27:00 INFO  - jmeter.reporters.Summariser: summary =   4363 in   202s =   21.6/s Avg:  8803 Min:     1 Max: 38513 Err:   454 (10.41%) 
2014/11/05 22:27:30 INFO  - jmeter.reporters.Summariser: summary +    590 in    63s =    9.4/s Avg: 10020 Min:  2082 Max: 32898 Err:    55 (9.32%) Active: 200 Started: 200 Finished: 0 
2014/11/05 22:27:30 INFO  - jmeter.reporters.Summariser: summary =   4953 in   233s =   21.3/s Avg:  8948 Min:     1 Max: 38513 Err:   509 (10.28%) 
2014/11/05 22:27:37 INFO  - jmeter.threads.JMeterThread: Thread finished: Test Elasticsearch 1-13 
2014/11/05 22:28:00 INFO  - jmeter.reporters.Summariser: summary +    654 in    63s =   10.4/s Avg:  9363 Min:  2883 Max: 34405 Err:    63 (9.63%) Active: 199 Started: 200 Finished: 1 
2014/11/05 22:28:00 INFO  - jmeter.reporters.Summariser: summary =   5607 in   262s =   21.4/s Avg:  8997 Min:     1 Max: 38513 Err:   572 (10.20%) 
2014/11/05 22:28:30 INFO  - jmeter.reporters.Summariser: summary +    627 in  61.4s =   10.2/s Avg:  9422 Min:  2050 Max: 33864 Err:    59 (9.41%) Active: 199 Started: 200 Finished: 1 
2014/11/05 22:28:30 INFO  - jmeter.reporters.Summariser: summary =   6234 in   293s =   21.3/s Avg:  9039 Min:     1 Max: 38513 Err:   631 (10.12%) 
2014/11/05 22:29:00 INFO  - jmeter.reporters.Summariser: summary +    601 in    62s =    9.7/s Avg:  9603 Min:  2551 Max: 33774 Err:    59 (9.82%) Active: 199 Started: 200 Finished: 1 
2014/11/05 22:29:00 INFO  - jmeter.reporters.Summariser: summary =   6835 in   322s =   21.2/s Avg:  9089 Min:     1 Max: 38513 Err:   690 (10.10%) 
2014/11/05 22:29:00 INFO  - jmeter.threads.JMeterThread: Thread finished: Test Elasticsearch 1-1 
2014/11/05 22:29:01 INFO  - jmeter.threads.JMeterThread: Thread finished: Test Elasticsearch 1-12 
2014/11/05 22:29:19 INFO  - jmeter.threads.JMeterThread: Thread finished: Test Elasticsearch 1-16 
2014/11/05 22:29:25 INFO  - jmeter.threads.JMeterThread: Thread finished: Test Elasticsearch 1-15 
2014/11/05 22:29:30 INFO  - jmeter.reporters.Summariser: summary +    660 in    65s =   10.2/s Avg:  9325 Min:  2570 Max: 34607 Err:    62 (9.39%) Active: 195 Started: 200 Finished: 5 
2014/11/05 22:29:30 INFO  - jmeter.reporters.Summariser: summary =   7495 in   353s =   21.2/s Avg:  9110 Min:     1 Max: 38513 Err:   752 (10.03%) 
2014/11/05 22:29:43 INFO  - jmeter.threads.JMeterThread: Thread finished: Test Elasticsearch 1-2 
2014/11/05 22:29:45 INFO  - jmeter.threads.JMeterThread: Thread finished: Test Elasticsearch 1-21 
2014/11/05 22:29:48 INFO  - jmeter.threads.JMeterThread: Thread finished: Test Elasticsearch 1-5 
2014/11/05 22:29:51 INFO  - jmeter.threads.JMeterThread: Thread finished: Test Elasticsearch 1-18 
2014/11/05 22:29:55 INFO  - jmeter.threads.JMeterThread: Thread finished: Test Elasticsearch 1-23 
2014/11/05 22:30:00 INFO  - jmeter.reporters.Summariser: summary +    592 in    58s =   10.3/s Avg:  9468 Min:  2886 Max: 32930 Err:    58 (9.80%) Active: 190 Started: 200 Finished: 10 
2014/11/05 22:30:00 INFO  - jmeter.reporters.Summariser: summary =   8087 in   382s =   21.2/s Avg:  9136 Min:     1 Max: 38513 Err:   810 (10.02%) 
2014/11/05 22:30:05 INFO  - jmeter.threads.JMeterThread: Thread finished: Test Elasticsearch 1-41 
2014/11/05 22:30:13 INFO  - jmeter.threads.JMeterThread: Thread finished: Test Elasticsearch 1-26 
2014/11/05 22:30:18 INFO  - jmeter.threads.JMeterThread: Thread finished: Test Elasticsearch 1-55 
2014/11/05 22:30:18 INFO  - jmeter.threads.JMeterThread: Thread finished: Test Elasticsearch 1-19 
2014/11/05 22:30:18 INFO  - jmeter.threads.JMeterThread: Thread finished: Test Elasticsearch 1-112 
2014/11/05 22:30:18 INFO  - jmeter.threads.JMeterThread: Thread finished: Test Elasticsearch 1-22 
2014/11/05 22:30:24 INFO  - jmeter.threads.JMeterThread: Thread finished: Test Elasticsearch 1-4 
2014/11/05 22:30:26 INFO  - jmeter.threads.JMeterThread: Thread finished: Test Elasticsearch 1-105 
2014/11/05 22:30:26 INFO  - jmeter.threads.JMeterThread: Thread finished: Test Elasticsearch 1-34 
2014/11/05 22:30:27 INFO  - jmeter.threads.JMeterThread: Thread finished: Test Elasticsearch 1-32 
2014/11/05 22:30:27 INFO  - jmeter.threads.JMeterThread: Thread finished: Test Elasticsearch 1-25 
2014/11/05 22:30:27 INFO  - jmeter.threads.JMeterThread: Thread finished: Test Elasticsearch 1-53 
2014/11/05 22:30:30 INFO  - jmeter.reporters.Summariser: summary +    648 in    64s =   10.1/s Avg:  8991 Min:  2295 Max: 33922 Err:    59 (9.10%) Active: 178 Started: 200 Finished: 22 
2014/11/05 22:30:30 INFO  - jmeter.reporters.Summariser: summary =   8735 in   412s =   21.2/s Avg:  9125 Min:     1 Max: 38513 Err:   869 (9.95%) 
2014/11/05 22:30:30 INFO  - jmeter.threads.JMeterThread: Thread finished: Test Elasticsearch 1-30 
2014/11/05 22:30:33 INFO  - jmeter.threads.JMeterThread: Thread finished: Test Elasticsearch 1-28 
2014/11/05 22:30:34 INFO  - jmeter.threads.JMeterThread: Thread finished: Test Elasticsearch 1-10 
2014/11/05 22:30:36 INFO  - jmeter.threads.JMeterThread: Thread finished: Test Elasticsearch 1-95 
2014/11/05 22:30:37 INFO  - jmeter.threads.JMeterThread: Thread finished: Test Elasticsearch 1-60 
2014/11/05 22:30:39 INFO  - jmeter.threads.JMeterThread: Thread finished: Test Elasticsearch 1-172 
2014/11/05 22:30:42 INFO  - jmeter.threads.JMeterThread: Thread finished: Test Elasticsearch 1-56 
2014/11/05 22:30:42 INFO  - jmeter.threads.JMeterThread: Thread finished: Test Elasticsearch 1-93 
2014/11/05 22:30:42 INFO  - jmeter.threads.JMeterThread: Thread finished: Test Elasticsearch 1-164 
2014/11/05 22:30:42 INFO  - jmeter.threads.JMeterThread: Thread finished: Test Elasticsearch 1-40 
2014/11/05 22:30:43 INFO  - jmeter.threads.JMeterThread: Thread finished: Test Elasticsearch 1-109 
2014/11/05 22:30:43 INFO  - jmeter.threads.JMeterThread: Thread finished: Test Elasticsearch 1-14 
2014/11/05 22:30:43 INFO  - jmeter.threads.JMeterThread: Thread finished: Test Elasticsearch 1-177 
2014/11/05 22:30:43 INFO  - jmeter.threads.JMeterThread: Thread finished: Test Elasticsearch 1-68 
2014/11/05 22:30:43 INFO  - jmeter.threads.JMeterThread: Thread finished: Test Elasticsearch 1-106 
2014/11/05 22:30:43 INFO  - jmeter.threads.JMeterThread: Thread finished: Test Elasticsearch 1-7 
2014/11/05 22:30:47 INFO  - jmeter.threads.JMeterThread: Thread finished: Test Elasticsearch 1-80 
2014/11/05 22:30:47 INFO  - jmeter.threads.JMeterThread: Thread finished: Test Elasticsearch 1-114 
2014/11/05 22:30:48 INFO  - jmeter.threads.JMeterThread: Thread finished: Test Elasticsearch 1-29 
2014/11/05 22:30:48 INFO  - jmeter.threads.JMeterThread: Thread finished: Test Elasticsearch 1-195 
2014/11/05 22:30:49 INFO  - jmeter.threads.JMeterThread: Thread finished: Test Elasticsearch 1-11 
2014/11/05 22:30:49 INFO  - jmeter.threads.JMeterThread: Thread finished: Test Elasticsearch 1-33 
2014/11/05 22:30:49 INFO  - jmeter.threads.JMeterThread: Thread finished: Test Elasticsearch 1-48 
2014/11/05 22:30:50 INFO  - jmeter.threads.JMeterThread: Thread finished: Test Elasticsearch 1-27 
2014/11/05 22:30:50 INFO  - jmeter.threads.JMeterThread: Thread finished: Test Elasticsearch 1-129 
2014/11/05 22:30:51 INFO  - jmeter.threads.JMeterThread: Thread finished: Test Elasticsearch 1-192 
2014/11/05 22:30:53 INFO  - jmeter.threads.JMeterThread: Thread finished: Test Elasticsearch 1-84 
2014/11/05 22:30:53 INFO  - jmeter.threads.JMeterThread: Thread finished: Test Elasticsearch 1-39 
2014/11/05 22:30:55 INFO  - jmeter.threads.JMeterThread: Thread finished: Test Elasticsearch 1-50 
2014/11/05 22:30:55 INFO  - jmeter.threads.JMeterThread: Thread finished: Test Elasticsearch 1-119 
2014/11/05 22:30:55 INFO  - jmeter.threads.JMeterThread: Thread finished: Test Elasticsearch 1-121 
2014/11/05 22:30:55 INFO  - jmeter.threads.JMeterThread: Thread finished: Test Elasticsearch 1-180 
2014/11/05 22:30:55 INFO  - jmeter.threads.JMeterThread: Thread finished: Test Elasticsearch 1-104 
2014/11/05 22:30:56 INFO  - jmeter.threads.JMeterThread: Thread finished: Test Elasticsearch 1-6 
2014/11/05 22:30:57 INFO  - jmeter.threads.JMeterThread: Thread finished: Test Elasticsearch 1-64 
2014/11/05 22:30:57 INFO  - jmeter.threads.JMeterThread: Thread finished: Test Elasticsearch 1-90 
2014/11/05 22:30:57 INFO  - jmeter.threads.JMeterThread: Thread finished: Test Elasticsearch 1-70 
2014/11/05 22:30:58 INFO  - jmeter.threads.JMeterThread: Thread finished: Test Elasticsearch 1-45 
2014/11/05 22:30:58 INFO  - jmeter.threads.JMeterThread: Thread finished: Test Elasticsearch 1-159 
2014/11/05 22:30:58 INFO  - jmeter.threads.JMeterThread: Thread finished: Test Elasticsearch 1-83 
2014/11/05 22:30:59 INFO  - jmeter.threads.JMeterThread: Thread finished: Test Elasticsearch 1-116 
2014/11/05 22:30:59 INFO  - jmeter.threads.JMeterThread: Thread finished: Test Elasticsearch 1-92 
2014/11/05 22:31:00 INFO  - jmeter.reporters.Summariser: summary +    617 in    62s =   10.0/s Avg:  8471 Min:  2135 Max: 33744 Err:    52 (8.43%) Active: 136 Started: 200 Finished: 64 
2014/11/05 22:31:00 INFO  - jmeter.reporters.Summariser: summary =   9352 in   442s =   21.1/s Avg:  9082 Min:     1 Max: 38513 Err:   921 (9.85%) 
2014/11/05 22:31:00 INFO  - jmeter.threads.JMeterThread: Thread finished: Test Elasticsearch 1-163 
2014/11/05 22:31:01 INFO  - jmeter.threads.JMeterThread: Thread finished: Test Elasticsearch 1-37 
2014/11/05 22:31:01 INFO  - jmeter.threads.JMeterThread: Thread finished: Test Elasticsearch 1-75 
2014/11/05 22:31:01 INFO  - jmeter.threads.JMeterThread: Thread finished: Test Elasticsearch 1-43 
2014/11/05 22:31:01 INFO  - jmeter.threads.JMeterThread: Thread finished: Test Elasticsearch 1-108 
2014/11/05 22:31:01 INFO  - jmeter.threads.JMeterThread: Thread finished: Test Elasticsearch 1-198 
2014/11/05 22:31:03 INFO  - jmeter.threads.JMeterThread: Thread finished: Test Elasticsearch 1-61 
2014/11/05 22:31:03 INFO  - jmeter.threads.JMeterThread: Thread finished: Test Elasticsearch 1-72 
2014/11/05 22:31:03 INFO  - jmeter.threads.JMeterThread: Thread finished: Test Elasticsearch 1-9 
2014/11/05 22:31:04 INFO  - jmeter.threads.JMeterThread: Thread finished: Test Elasticsearch 1-137 
2014/11/05 22:31:06 INFO  - jmeter.threads.JMeterThread: Thread finished: Test Elasticsearch 1-197 
2014/11/05 22:31:06 INFO  - jmeter.threads.JMeterThread: Thread finished: Test Elasticsearch 1-193 
2014/11/05 22:31:06 INFO  - jmeter.threads.JMeterThread: Thread finished: Test Elasticsearch 1-99 
2014/11/05 22:31:07 INFO  - jmeter.threads.JMeterThread: Thread finished: Test Elasticsearch 1-118 
2014/11/05 22:31:07 INFO  - jmeter.threads.JMeterThread: Thread finished: Test Elasticsearch 1-46 
2014/11/05 22:31:07 INFO  - jmeter.threads.JMeterThread: Thread finished: Test Elasticsearch 1-186 
2014/11/05 22:31:07 INFO  - jmeter.threads.JMeterThread: Thread finished: Test Elasticsearch 1-168 
2014/11/05 22:31:07 INFO  - jmeter.threads.JMeterThread: Thread finished: Test Elasticsearch 1-24 
2014/11/05 22:31:07 INFO  - jmeter.threads.JMeterThread: Thread finished: Test Elasticsearch 1-78 
2014/11/05 22:31:08 INFO  - jmeter.threads.JMeterThread: Thread finished: Test Elasticsearch 1-188 
2014/11/05 22:31:09 INFO  - jmeter.threads.JMeterThread: Thread finished: Test Elasticsearch 1-76 
2014/11/05 22:31:09 INFO  - jmeter.threads.JMeterThread: Thread finished: Test Elasticsearch 1-85 
2014/11/05 22:31:10 INFO  - jmeter.threads.JMeterThread: Thread finished: Test Elasticsearch 1-52 
2014/11/05 22:31:10 INFO  - jmeter.threads.JMeterThread: Thread finished: Test Elasticsearch 1-47 
2014/11/05 22:31:10 INFO  - jmeter.threads.JMeterThread: Thread finished: Test Elasticsearch 1-154 
2014/11/05 22:31:10 INFO  - jmeter.threads.JMeterThread: Thread finished: Test Elasticsearch 1-58 
2014/11/05 22:31:10 INFO  - jmeter.threads.JMeterThread: Thread finished: Test Elasticsearch 1-136 
2014/11/05 22:31:11 INFO  - jmeter.threads.JMeterThread: Thread finished: Test Elasticsearch 1-3 
2014/11/05 22:31:11 INFO  - jmeter.threads.JMeterThread: Thread finished: Test Elasticsearch 1-141 
2014/11/05 22:31:11 INFO  - jmeter.threads.JMeterThread: Thread finished: Test Elasticsearch 1-128 
2014/11/05 22:31:12 INFO  - jmeter.threads.JMeterThread: Thread finished: Test Elasticsearch 1-81 
2014/11/05 22:31:12 INFO  - jmeter.threads.JMeterThread: Thread finished: Test Elasticsearch 1-175 
2014/11/05 22:31:12 INFO  - jmeter.threads.JMeterThread: Thread finished: Test Elasticsearch 1-178 
2014/11/05 22:31:12 INFO  - jmeter.threads.JMeterThread: Thread finished: Test Elasticsearch 1-162 
2014/11/05 22:31:12 INFO  - jmeter.threads.JMeterThread: Thread finished: Test Elasticsearch 1-54 
2014/11/05 22:31:12 INFO  - jmeter.threads.JMeterThread: Thread finished: Test Elasticsearch 1-36 
2014/11/05 22:31:13 INFO  - jmeter.threads.JMeterThread: Thread finished: Test Elasticsearch 1-131 
2014/11/05 22:31:13 INFO  - jmeter.threads.JMeterThread: Thread finished: Test Elasticsearch 1-86 
2014/11/05 22:31:13 INFO  - jmeter.threads.JMeterThread: Thread finished: Test Elasticsearch 1-132 
2014/11/05 22:31:13 INFO  - jmeter.threads.JMeterThread: Thread finished: Test Elasticsearch 1-125 
2014/11/05 22:31:13 INFO  - jmeter.threads.JMeterThread: Thread finished: Test Elasticsearch 1-173 
2014/11/05 22:31:13 INFO  - jmeter.threads.JMeterThread: Thread finished: Test Elasticsearch 1-126 
2014/11/05 22:31:13 INFO  - jmeter.threads.JMeterThread: Thread finished: Test Elasticsearch 1-71 
2014/11/05 22:31:14 INFO  - jmeter.threads.JMeterThread: Thread finished: Test Elasticsearch 1-65 
2014/11/05 22:31:15 INFO  - jmeter.threads.JMeterThread: Thread finished: Test Elasticsearch 1-42 
2014/11/05 22:31:16 INFO  - jmeter.threads.JMeterThread: Thread finished: Test Elasticsearch 1-115 
2014/11/05 22:31:16 INFO  - jmeter.threads.JMeterThread: Thread finished: Test Elasticsearch 1-38 
2014/11/05 22:31:16 INFO  - jmeter.threads.JMeterThread: Thread finished: Test Elasticsearch 1-17 
2014/11/05 22:31:16 INFO  - jmeter.threads.JMeterThread: Thread finished: Test Elasticsearch 1-111 
2014/11/05 22:31:16 INFO  - jmeter.threads.JMeterThread: Thread finished: Test Elasticsearch 1-44 
2014/11/05 22:31:17 INFO  - jmeter.threads.JMeterThread: Thread finished: Test Elasticsearch 1-170 
2014/11/05 22:31:17 INFO  - jmeter.threads.JMeterThread: Thread finished: Test Elasticsearch 1-51 
2014/11/05 22:31:17 INFO  - jmeter.threads.JMeterThread: Thread finished: Test Elasticsearch 1-123 
2014/11/05 22:31:17 INFO  - jmeter.threads.JMeterThread: Thread finished: Test Elasticsearch 1-89 
2014/11/05 22:31:18 INFO  - jmeter.threads.JMeterThread: Thread finished: Test Elasticsearch 1-157 
2014/11/05 22:31:18 INFO  - jmeter.threads.JMeterThread: Thread finished: Test Elasticsearch 1-147 
2014/11/05 22:31:18 INFO  - jmeter.threads.JMeterThread: Thread finished: Test Elasticsearch 1-148 
2014/11/05 22:31:18 INFO  - jmeter.threads.JMeterThread: Thread finished: Test Elasticsearch 1-63 
2014/11/05 22:31:19 INFO  - jmeter.threads.JMeterThread: Thread finished: Test Elasticsearch 1-35 
2014/11/05 22:31:19 INFO  - jmeter.threads.JMeterThread: Thread finished: Test Elasticsearch 1-127 
2014/11/05 22:31:19 INFO  - jmeter.threads.JMeterThread: Thread finished: Test Elasticsearch 1-199 
2014/11/05 22:31:19 INFO  - jmeter.threads.JMeterThread: Thread finished: Test Elasticsearch 1-31 
2014/11/05 22:31:19 INFO  - jmeter.threads.JMeterThread: Thread finished: Test Elasticsearch 1-57 
2014/11/05 22:31:19 INFO  - jmeter.threads.JMeterThread: Thread finished: Test Elasticsearch 1-152 
2014/11/05 22:31:19 INFO  - jmeter.threads.JMeterThread: Thread finished: Test Elasticsearch 1-102 
2014/11/05 22:31:19 INFO  - jmeter.threads.JMeterThread: Thread finished: Test Elasticsearch 1-143 
2014/11/05 22:31:19 INFO  - jmeter.threads.JMeterThread: Thread finished: Test Elasticsearch 1-8 
2014/11/05 22:31:20 INFO  - jmeter.threads.JMeterThread: Thread finished: Test Elasticsearch 1-97 
2014/11/05 22:31:20 INFO  - jmeter.threads.JMeterThread: Thread finished: Test Elasticsearch 1-200 
2014/11/05 22:31:21 INFO  - jmeter.threads.JMeterThread: Thread finished: Test Elasticsearch 1-153 
2014/11/05 22:31:21 INFO  - jmeter.threads.JMeterThread: Thread finished: Test Elasticsearch 1-82 
2014/11/05 22:31:21 INFO  - jmeter.threads.JMeterThread: Thread finished: Test Elasticsearch 1-74 
2014/11/05 22:31:21 INFO  - jmeter.threads.JMeterThread: Thread finished: Test Elasticsearch 1-79 
2014/11/05 22:31:21 INFO  - jmeter.threads.JMeterThread: Thread finished: Test Elasticsearch 1-149 
2014/11/05 22:31:21 INFO  - jmeter.threads.JMeterThread: Thread finished: Test Elasticsearch 1-69 
2014/11/05 22:31:21 INFO  - jmeter.threads.JMeterThread: Thread finished: Test Elasticsearch 1-196 
2014/11/05 22:31:22 INFO  - jmeter.threads.JMeterThread: Thread finished: Test Elasticsearch 1-91 
2014/11/05 22:31:22 INFO  - jmeter.threads.JMeterThread: Thread finished: Test Elasticsearch 1-169 
2014/11/05 22:31:22 INFO  - jmeter.threads.JMeterThread: Thread finished: Test Elasticsearch 1-145 
2014/11/05 22:31:22 INFO  - jmeter.threads.JMeterThread: Thread finished: Test Elasticsearch 1-20 
2014/11/05 22:31:22 INFO  - jmeter.threads.JMeterThread: Thread finished: Test Elasticsearch 1-101 
2014/11/05 22:31:22 INFO  - jmeter.threads.JMeterThread: Thread finished: Test Elasticsearch 1-87 
2014/11/05 22:31:22 INFO  - jmeter.threads.JMeterThread: Thread finished: Test Elasticsearch 1-124 
2014/11/05 22:31:22 INFO  - jmeter.threads.JMeterThread: Thread finished: Test Elasticsearch 1-103 
2014/11/05 22:31:23 INFO  - jmeter.threads.JMeterThread: Thread finished: Test Elasticsearch 1-171 
2014/11/05 22:31:23 INFO  - jmeter.threads.JMeterThread: Thread finished: Test Elasticsearch 1-174 
2014/11/05 22:31:23 INFO  - jmeter.threads.JMeterThread: Thread finished: Test Elasticsearch 1-187 
2014/11/05 22:31:23 INFO  - jmeter.threads.JMeterThread: Thread finished: Test Elasticsearch 1-142 
2014/11/05 22:31:23 INFO  - jmeter.threads.JMeterThread: Thread finished: Test Elasticsearch 1-144 
2014/11/05 22:31:23 INFO  - jmeter.threads.JMeterThread: Thread finished: Test Elasticsearch 1-117 
2014/11/05 22:31:23 INFO  - jmeter.threads.JMeterThread: Thread finished: Test Elasticsearch 1-133 
2014/11/05 22:31:23 INFO  - jmeter.threads.JMeterThread: Thread finished: Test Elasticsearch 1-49 
2014/11/05 22:31:24 INFO  - jmeter.threads.JMeterThread: Thread finished: Test Elasticsearch 1-151 
2014/11/05 22:31:25 INFO  - jmeter.threads.JMeterThread: Thread finished: Test Elasticsearch 1-181 
2014/11/05 22:31:25 INFO  - jmeter.threads.JMeterThread: Thread finished: Test Elasticsearch 1-107 
2014/11/05 22:31:25 INFO  - jmeter.threads.JMeterThread: Thread finished: Test Elasticsearch 1-182 
2014/11/05 22:31:25 INFO  - jmeter.threads.JMeterThread: Thread finished: Test Elasticsearch 1-73 
2014/11/05 22:31:25 INFO  - jmeter.threads.JMeterThread: Thread finished: Test Elasticsearch 1-100 
2014/11/05 22:31:26 INFO  - jmeter.threads.JMeterThread: Thread finished: Test Elasticsearch 1-156 
2014/11/05 22:31:26 INFO  - jmeter.threads.JMeterThread: Thread finished: Test Elasticsearch 1-94 
2014/11/05 22:31:26 INFO  - jmeter.threads.JMeterThread: Thread finished: Test Elasticsearch 1-150 
2014/11/05 22:31:27 INFO  - jmeter.threads.JMeterThread: Thread finished: Test Elasticsearch 1-113 
2014/11/05 22:31:27 INFO  - jmeter.threads.JMeterThread: Thread finished: Test Elasticsearch 1-138 
2014/11/05 22:31:27 INFO  - jmeter.threads.JMeterThread: Thread finished: Test Elasticsearch 1-96 
2014/11/05 22:31:27 INFO  - jmeter.threads.JMeterThread: Thread finished: Test Elasticsearch 1-62 
2014/11/05 22:31:27 INFO  - jmeter.threads.JMeterThread: Thread finished: Test Elasticsearch 1-130 
2014/11/05 22:31:27 INFO  - jmeter.threads.JMeterThread: Thread finished: Test Elasticsearch 1-183 
2014/11/05 22:31:27 INFO  - jmeter.threads.JMeterThread: Thread finished: Test Elasticsearch 1-189 
2014/11/05 22:31:27 INFO  - jmeter.threads.JMeterThread: Thread finished: Test Elasticsearch 1-77 
2014/11/05 22:31:27 INFO  - jmeter.threads.JMeterThread: Thread finished: Test Elasticsearch 1-122 
2014/11/05 22:31:27 INFO  - jmeter.threads.JMeterThread: Thread finished: Test Elasticsearch 1-190 
2014/11/05 22:31:27 INFO  - jmeter.threads.JMeterThread: Thread finished: Test Elasticsearch 1-191 
2014/11/05 22:31:28 INFO  - jmeter.threads.JMeterThread: Thread finished: Test Elasticsearch 1-179 
2014/11/05 22:31:28 INFO  - jmeter.threads.JMeterThread: Thread finished: Test Elasticsearch 1-167 
2014/11/05 22:31:28 INFO  - jmeter.threads.JMeterThread: Thread finished: Test Elasticsearch 1-146 
2014/11/05 22:31:29 INFO  - jmeter.threads.JMeterThread: Thread finished: Test Elasticsearch 1-66 
2014/11/05 22:31:29 INFO  - jmeter.threads.JMeterThread: Thread finished: Test Elasticsearch 1-98 
2014/11/05 22:31:30 INFO  - jmeter.reporters.Summariser: summary +    595 in    56s =   10.7/s Avg:  5208 Min:    10 Max: 30807 Err:    35 (5.88%) Active: 19 Started: 200 Finished: 181 
2014/11/05 22:31:30 INFO  - jmeter.reporters.Summariser: summary =   9947 in   472s =   21.1/s Avg:  8850 Min:     1 Max: 38513 Err:   956 (9.61%) 
2014/11/05 22:31:30 INFO  - jmeter.threads.JMeterThread: Thread finished: Test Elasticsearch 1-59 
2014/11/05 22:31:30 INFO  - jmeter.threads.JMeterThread: Thread finished: Test Elasticsearch 1-135 
2014/11/05 22:31:30 INFO  - jmeter.threads.JMeterThread: Thread finished: Test Elasticsearch 1-88 
2014/11/05 22:31:31 INFO  - jmeter.threads.JMeterThread: Thread finished: Test Elasticsearch 1-161 
2014/11/05 22:31:31 INFO  - jmeter.threads.JMeterThread: Thread finished: Test Elasticsearch 1-184 
2014/11/05 22:31:31 INFO  - jmeter.threads.JMeterThread: Thread finished: Test Elasticsearch 1-120 
2014/11/05 22:31:32 INFO  - jmeter.threads.JMeterThread: Thread finished: Test Elasticsearch 1-165 
2014/11/05 22:31:32 INFO  - jmeter.threads.JMeterThread: Thread finished: Test Elasticsearch 1-185 
2014/11/05 22:31:32 INFO  - jmeter.threads.JMeterThread: Thread finished: Test Elasticsearch 1-155 
2014/11/05 22:31:33 INFO  - jmeter.threads.JMeterThread: Thread finished: Test Elasticsearch 1-158 
2014/11/05 22:31:33 INFO  - jmeter.threads.JMeterThread: Thread finished: Test Elasticsearch 1-134 
2014/11/05 22:31:34 INFO  - jmeter.threads.JMeterThread: Thread finished: Test Elasticsearch 1-67 
2014/11/05 22:31:34 INFO  - jmeter.threads.JMeterThread: Thread finished: Test Elasticsearch 1-140 
2014/11/05 22:31:35 INFO  - jmeter.threads.JMeterThread: Thread finished: Test Elasticsearch 1-194 
2014/11/05 22:31:35 INFO  - jmeter.threads.JMeterThread: Thread finished: Test Elasticsearch 1-176 
2014/11/05 22:31:35 INFO  - jmeter.threads.JMeterThread: Thread finished: Test Elasticsearch 1-110 
2014/11/05 22:31:36 INFO  - jmeter.threads.JMeterThread: Thread finished: Test Elasticsearch 1-160 
2014/11/05 22:31:37 INFO  - jmeter.threads.JMeterThread: Thread finished: Test Elasticsearch 1-139 
2014/11/05 22:31:38 INFO  - jmeter.threads.JMeterThread: Thread finished: Test Elasticsearch 1-166 
2014/11/05 22:31:38 INFO  - jmeter.engine.StandardJMeterEngine: Notifying test listeners of end of test 
2014/11/05 22:31:38 INFO  - jmeter.services.FileServer: Close: /home/rpochet/workspace/namedentity/jmeter/keywords.csv 
2014/11/05 22:31:38 INFO  - jmeter.reporters.Summariser: summary +     53 in    32s =    1.7/s Avg:  3764 Min:     2 Max: 25011 Err:     4 (7.55%) Active: 0 Started: 200 Finished: 200 
2014/11/05 22:31:38 INFO  - jmeter.reporters.Summariser: summary =  10000 in   481s =   20.8/s Avg:  8823 Min:     1 Max: 38513 Err:   960 (9.60%) 
